C51 COMPILER V9.56.0.0   KEY                                                               08/14/2020 16:10:46 PAGE 1   


C51 COMPILER V9.56.0.0, COMPILATION OF MODULE KEY
OBJECT MODULE PLACED IN .\Objects\key.obj
COMPILER INVOKED BY: C:\program_list\keil\C51\BIN\C51.EXE ..\hardware\Key\key.c LARGE OPTIMIZE(8,SPEED) BROWSE INCDIR(..
                    -\hardware\DELAY;..\hardware\ADC;..\hardware\Flash;..\hardware\Uart;..\hardware\Key;..\hardware\Pwm;..\hardware\WDT;..\ha
                    -rdware\Timer;..\hardware\LCDdisplay;..\hardware\PID) DEBUG OBJECTEXTEND PRINT(.\Listings\key.lst) TABS(2) OBJECT(.\Objec
                    -ts\key.obj)

line level    source

   1          #include "key.h"
   2          #include "delay.h"
   3          #include "uart.h"
   4          #define KEY_PRESS_TIME 700
   5          
   6          void key_init(void)
   7          {
   8   1        P2M7 = 0x60;                        //P27设置为非施密特数字带上拉输入
   9   1        P0M0 = 0x60;                        //P00设置为非施密特数字带上拉输入
  10   1        P0M1 = 0x60;                        //P01设置为非施密特数字带上拉输入
  11   1        P0M3 = 0xC0;
  12   1        P0M2 = 0xC0;
  13   1        P2M1 = 0xC0;
  14   1        LED1 = 0;
  15   1        LED2 = 0;
  16   1        LED3 = 0;
  17   1        
  18   1      }
  19          
  20          
  21          static unsigned char key_driver(void) 
  22          {     
  23   1          static unsigned char key_state = 0;         
  24   1          static unsigned int key_time = 0;           
  25   1          unsigned char key_press, key_return; 
  26   1       
  27   1          key_return = N_KEY;                         
  28   1       
  29   1           key_press = KEY_1; 
  30   1          switch (key_state)     
  31   1          {       
  32   2              case KEY_STATE_0:                       
  33   2                  if (key_press == 0)                     
  34   2                  {
  35   3                      key_time = 0;                   
  36   3                      key_state = KEY_STATE_1;       
  37   3                  }        
  38   2                  break;
  39   2       
  40   2              case KEY_STATE_1:                       
  41   2                  if (key_press == 0)                     
  42   2                  {
  43   3                      key_time++;                     
  44   3                      if(key_time>=SINGLE_KEY_TIME)   
  45   3                      {
  46   4                          key_state = KEY_STATE_2;    
  47   4                      }
  48   3              delay_ms(10);
  49   3                  }         
  50   2                  else key_state = KEY_STATE_0;       
  51   2                  break; 
  52   2       
C51 COMPILER V9.56.0.0   KEY                                                               08/14/2020 16:10:46 PAGE 2   

  53   2              case KEY_STATE_2:                       
  54   2                  if(key_press == 1)                       
  55   2                  { 
  56   3                       key_return = KEY_1_SHORT;            
  57   3                       key_state = KEY_STATE_0;       
  58   3                  } 
  59   2                  else
  60   2                  {
  61   3                      key_time++;                     
  62   3       
  63   3                      if(key_time >= LONG_KEY_TIME)   
  64   3                      {
  65   4                          key_return = KEY_1_LONG;         
  66   4                          key_state = KEY_STATE_3;    
  67   4                      }
  68   3              delay_ms(10);
  69   3                  }
  70   2                  break;
  71   2       
  72   2            case KEY_STATE_3:                         
  73   2                if (key_press == 1) 
  74   2                {
  75   3                    key_state = KEY_STATE_0;          
  76   3                }         
  77   2                break; 
  78   2       
  79   2              default:                               
  80   2                  key_state = KEY_STATE_0;
  81   2                  break;
  82   2          }
  83   1       
  84   1          return key_return;                         
  85   1      
  86   1      }
  87          u8 key_scan(void)
  88          {
  89   1        static u8 key_up = 1;
  90   1        static u16 key_pres_time = 0;
  91   1      
  92   1      
  93   1        if(key_driver() == KEY_1_SHORT)
  94   1        {
  95   2            //KEY_printf("LONG_KEY\r\n");
  96   2            return KEY_1_PRES;
  97   2        }
  98   1        else if(key_up && (KEY_2 == 0 || KEY_3 == 0))
  99   1        {
 100   2          delay_ms(50); 
 101   2          key_up=0;
 102   2          if(KEY_2 == 0)
 103   2          {
 104   3            // KEY_printf("TEMPER_KEY\r\n");
 105   3            return KEY_2_PRES; 
 106   3          }
 107   2          else if(KEY_3 == 0)
 108   2          { 
 109   3            //KEY_printf("TIME_KEY\r\n");
 110   3            return KEY_3_PRES;
 111   3          }
 112   2        }else if(KEY_2 == 1 && KEY_3 == 1)
 113   1          key_up=1;   
 114   1      
C51 COMPILER V9.56.0.0   KEY                                                               08/14/2020 16:10:46 PAGE 3   

 115   1        if(KEY_1 == 1 && key_pres_time > 1)
 116   1          key_pres_time = 0;
 117   1        return 0;// 无按键按下
 118   1      }


MODULE INFORMATION:   STATIC OVERLAYABLE
   CODE SIZE        =    300    ----
   CONSTANT SIZE    =   ----    ----
   XDATA SIZE       =      6       2
   PDATA SIZE       =   ----    ----
   DATA SIZE        =   ----    ----
   IDATA SIZE       =   ----    ----
   BIT SIZE         =   ----    ----
END OF MODULE INFORMATION.


C51 COMPILATION COMPLETE.  0 WARNING(S),  0 ERROR(S)
