C51 COMPILER V9.56.0.0   TIMER                                                             08/14/2020 15:18:11 PAGE 1   


C51 COMPILER V9.56.0.0, COMPILATION OF MODULE TIMER
OBJECT MODULE PLACED IN .\Objects\timer.obj
COMPILER INVOKED BY: C:\program_list\keil\C51\BIN\C51.EXE ..\hardware\Timer\timer.c LARGE OPTIMIZE(8,SPEED) BROWSE INCDI
                    -R(..\hardware\DELAY;..\hardware\ADC;..\hardware\Flash;..\hardware\Uart;..\hardware\Key;..\hardware\Pwm;..\hardware\WDT;.
                    -.\hardware\Timer;..\hardware\LCDdisplay;..\hardware\PID) DEBUG OBJECTEXTEND PRINT(.\Listings\timer.lst) TABS(2) OBJECT(.
                    -\Objects\timer.obj)

line level    source

   1          #include "timer.h"
   2          #include "key.h"
   3          #include "flash.h"
   4          #include "uart.h"
   5          #include "lcddisplay.h"
   6          
   7          //----------------time---------------
   8          u16 time_cnt = 0;
   9           u8 write_temper_std = 1;
  10          
  11          
  12          
  13          
  14          
  15          
  16          void time0_init ( void )
  17          {
  18   1        /**********************************TIM0配置初始化**************************************/
  19   1        TCON1 = 0x00;           //Tx0定时器时钟为Fosc/12
  20   1        TMOD = 0x00;            //16位重装载定时器/计数器
  21   1      
  22   1        //Tim0计算时间  = (65536 - 0xFACB) * (1 / (Fosc /Timer分频系数))
  23   1        //        = 1333 / (16000000 / 12)
  24   1        //        = 1 ms
  25   1      
  26   1        //定时1ms
  27   1        //反推初值  = 65536 - ((1/1000) / (1/(Fosc / Timer分频系数)))
  28   1        //        = 65536 - ((1/1000) / (1/(16000000 / 12)))
  29   1        //      = 65536 - 1333
  30   1        //      = 0xFACB
  31   1      //    TH0 = 0xCB;  10ms
  32   1      //  TL0 = 0xEB;
  33   1        TH0 = 0xF5;
  34   1        TL0 = 0x96;             //T0定时时间2ms     0x96     10ms   0xFB
  35   1        IE |= 0x02;             //打开T0中断
  36   1        TCON |= 0x10;           //使能T0
  37   1      }
  38          
  39          
  40          
  41          //10ms
  42          void TIMER0_Rpt ( void ) interrupt TIMER0_VECTOR
  43          {
  44   1        if ( get_device_state() == OFF ) //flash_info.timer != TIMER_ON &&
  45   1        {
  46   2          time_cnt++;
  47   2          if ( time_cnt >= 100 )
  48   2          {
  49   3            if (write_temper_std == 1)
  50   3            LED2 = !LED2;
  51   3            else if (write_temper_std == 2)
  52   3            {
C51 COMPILER V9.56.0.0   TIMER                                                             08/14/2020 15:18:11 PAGE 2   

  53   4              LED1 = 0;
  54   4              LED2 = 1;
  55   4            }     
  56   3            time_cnt = 0;
  57   3          }
  58   2            
  59   2        }
  60   1      
  61   1        LCD_Display();
  62   1      }
  63          


MODULE INFORMATION:   STATIC OVERLAYABLE
   CODE SIZE        =    143    ----
   CONSTANT SIZE    =   ----    ----
   XDATA SIZE       =      3    ----
   PDATA SIZE       =   ----    ----
   DATA SIZE        =   ----    ----
   IDATA SIZE       =   ----    ----
   BIT SIZE         =   ----    ----
END OF MODULE INFORMATION.


C51 COMPILATION COMPLETE.  0 WARNING(S),  0 ERROR(S)
